#
# There is insufficient memory for the Java Runtime Environment to continue.
# Native memory allocation (malloc) failed to allocate 1304880 bytes for Chunk::new
# Possible reasons:
#   The system is out of physical RAM or swap space
#   The process is running with CompressedOops enabled, and the Java Heap may be blocking the growth of the native heap
# Possible solutions:
#   Reduce memory load on the system
#   Increase physical memory or swap space
#   Check if swap backing store is full
#   Decrease Java heap size (-Xmx/-Xms)
#   Decrease number of Java threads
#   Decrease Java thread stack sizes (-Xss)
#   Set larger code cache with -XX:ReservedCodeCacheSize=
#   JVM is running with Unscaled Compressed Oops mode in which the Java heap is
#     placed in the first 4GB address space. The Java Heap base address is the
#     maximum limit for the native heap growth. Please use -XX:HeapBaseMinAddress
#     to set the Java Heap base and to place the Java Heap above 4GB virtual address.
# This output file may be truncated or incomplete.
#
#  Out of Memory Error (arena.cpp:191), pid=10632, tid=14048
#
# JRE version: OpenJDK Runtime Environment (17.0.10) (build 17.0.10+0--11572160)
# Java VM: OpenJDK 64-Bit Server VM (17.0.10+0--11572160, mixed mode, tiered, compressed oops, compressed class ptrs, g1 gc, windows-amd64)
# No core dump will be written. Minidumps are not enabled by default on client versions of Windows
#

---------------  S U M M A R Y ------------

Command Line: org.jetbrains.kotlin.cli.jvm.K2JVMCompiler @C:\Users\PC-008\Documents\Crud2new\Crud2new\app\build\20240605_15310801044983493194.compiler.options

Host: Intel(R) Core(TM) i5-10210U CPU @ 1.60GHz, 8 cores, 7G,  Windows 10 , 64 bit Build 19041 (10.0.19041.3570)
Time: Wed Jun  5 19:25:18 2024 Hora de verano romance elapsed time: 36.592014 seconds (0d 0h 0m 36s)

---------------  T H R E A D  ---------------

Current thread (0x000002cb699a8eb0):  JavaThread "C2 CompilerThread0" daemon [_thread_in_native, id=14048, stack(0x000000d097a00000,0x000000d097b00000)]


Current CompileTask:
C2:  36592 11894 %     4       org.jetbrains.kotlin.psi.KtFile::getNameForGivenImportAlias @ 22 (100 bytes)

Stack: [0x000000d097a00000,0x000000d097b00000]
Native frames: (J=compiled Java code, j=interpreted, Vv=VM code, C=native code)
V  [jvm.dll+0x688e89]
V  [jvm.dll+0x84247a]
V  [jvm.dll+0x8440be]
V  [jvm.dll+0x844723]
V  [jvm.dll+0x24be0f]
V  [jvm.dll+0xac524]
V  [jvm.dll+0xacb6c]
V  [jvm.dll+0x36bd67]
V  [jvm.dll+0x33615a]
V  [jvm.dll+0x3355fa]
V  [jvm.dll+0x21daa1]
V  [jvm.dll+0x21cec1]
V  [jvm.dll+0x1a60ad]
V  [jvm.dll+0x22cd78]
V  [jvm.dll+0x22aeb0]
V  [jvm.dll+0x7f6917]
V  [jvm.dll+0x7f0d1a]
V  [jvm.dll+0x687d05]
C  [ucrtbase.dll+0x21bb2]
C  [KERNEL32.DLL+0x17344]
C  [ntdll.dll+0x526b1]


---------------  P R O C E S S  ---------------

Threads class SMR info:
_java_thread_list=0x000002cb69b0e190, length=12, elements={
0x000002cb4dbd8420, 0x000002cb6980fa10, 0x000002cb69810890, 0x000002cb699952b0,
0x000002cb69995d80, 0x000002cb6999dca0, 0x000002cb699a3380, 0x000002cb699a8eb0,
0x000002cb699b1580, 0x000002cb699b3ba0, 0x000002cb699a3da0, 0x000002cb699a1a30
}

Java Threads: ( => current thread )
  0x000002cb4dbd8420 JavaThread "main" [_thread_in_Java, id=9128, stack(0x000000d096d00000,0x000000d096e00000)]
  0x000002cb6980fa10 JavaThread "Reference Handler" daemon [_thread_blocked, id=7112, stack(0x000000d097400000,0x000000d097500000)]
  0x000002cb69810890 JavaThread "Finalizer" daemon [_thread_blocked, id=340, stack(0x000000d097500000,0x000000d097600000)]
  0x000002cb699952b0 JavaThread "Signal Dispatcher" daemon [_thread_blocked, id=7640, stack(0x000000d097600000,0x000000d097700000)]
  0x000002cb69995d80 JavaThread "Attach Listener" daemon [_thread_blocked, id=2840, stack(0x000000d097700000,0x000000d097800000)]
  0x000002cb6999dca0 JavaThread "Service Thread" daemon [_thread_blocked, id=12688, stack(0x000000d097800000,0x000000d097900000)]
  0x000002cb699a3380 JavaThread "Monitor Deflation Thread" daemon [_thread_blocked, id=14296, stack(0x000000d097900000,0x000000d097a00000)]
=>0x000002cb699a8eb0 JavaThread "C2 CompilerThread0" daemon [_thread_in_native, id=14048, stack(0x000000d097a00000,0x000000d097b00000)]
  0x000002cb699b1580 JavaThread "C1 CompilerThread0" daemon [_thread_in_native, id=8540, stack(0x000000d097b00000,0x000000d097c00000)]
  0x000002cb699b3ba0 JavaThread "Sweeper thread" daemon [_thread_blocked, id=2984, stack(0x000000d097c00000,0x000000d097d00000)]
  0x000002cb699a3da0 JavaThread "Notification Thread" daemon [_thread_blocked, id=9988, stack(0x000000d097d00000,0x000000d097e00000)]
  0x000002cb699a1a30 JavaThread "Common-Cleaner" daemon [_thread_blocked, id=6968, stack(0x000000d097f00000,0x000000d098000000)]

Other Threads:
  0x000002cb697fbc50 VMThread "VM Thread" [stack: 0x000000d097300000,0x000000d097400000] [id=7208]
  0x000002cb69b0ab50 WatcherThread [stack: 0x000000d097e00000,0x000000d097f00000] [id=9484]
  0x000002cb4dc31dd0 GCTaskThread "GC Thread#0" [stack: 0x000000d096e00000,0x000000d096f00000] [id=9428]
  0x000002cb6e32c6c0 GCTaskThread "GC Thread#1" [stack: 0x000000d098000000,0x000000d098100000] [id=14304]
  0x000002cb6e336170 GCTaskThread "GC Thread#2" [stack: 0x000000d098100000,0x000000d098200000] [id=9236]
  0x000002cb6e3990b0 GCTaskThread "GC Thread#3" [stack: 0x000000d098200000,0x000000d098300000] [id=11520]
  0x000002cb6e399370 GCTaskThread "GC Thread#4" [stack: 0x000000d098300000,0x000000d098400000] [id=11060]
  0x000002cb6e6c4710 GCTaskThread "GC Thread#5" [stack: 0x000000d098400000,0x000000d098500000] [id=4368]
  0x000002cb6e6dbec0 GCTaskThread "GC Thread#6" [stack: 0x000000d098500000,0x000000d098600000] [id=8572]
  0x000002cb6e7a5a10 GCTaskThread "GC Thread#7" [stack: 0x000000d098600000,0x000000d098700000] [id=2204]
  0x000002cb4dc43570 ConcurrentGCThread "G1 Main Marker" [stack: 0x000000d096f00000,0x000000d097000000] [id=3656]
  0x000002cb4dc44730 ConcurrentGCThread "G1 Conc#0" [stack: 0x000000d097000000,0x000000d097100000] [id=14876]
  0x000002cb6e927010 ConcurrentGCThread "G1 Conc#1" [stack: 0x000000d098700000,0x000000d098800000] [id=13456]
  0x000002cb4dc994c0 ConcurrentGCThread "G1 Refine#0" [stack: 0x000000d097100000,0x000000d097200000] [id=10552]
  0x000002cb696520d0 ConcurrentGCThread "G1 Service" [stack: 0x000000d097200000,0x000000d097300000] [id=5408]

Threads with active compile tasks:
C2 CompilerThread0    36732 11894 %     4       org.jetbrains.kotlin.psi.KtFile::getNameForGivenImportAlias @ 22 (100 bytes)
C1 CompilerThread0    36733 11945       3       org.jetbrains.kotlin.resolve.constants.evaluate.ConstantExpressionEvaluator::updateNumberType (78 bytes)

VM state: not at safepoint (normal execution)

VM Mutex/Monitor currently owned by a thread: None

Heap address: 0x0000000083e00000, size: 1986 MB, Compressed Oops mode: 32-bit

CDS archive(s) not mapped
Compressed class space mapped at: 0x0000000100000000-0x0000000140000000, reserved size: 1073741824
Narrow klass base: 0x0000000000000000, Narrow klass shift: 3, Narrow klass range: 0x140000000

GC Precious Log:
 CPUs: 8 total, 8 available
 Memory: 7942M
 Large Page Support: Disabled
 NUMA Support: Disabled
 Compressed Oops: Enabled (32-bit)
 Heap Region Size: 1M
 Heap Min Capacity: 8M
 Heap Initial Capacity: 126M
 Heap Max Capacity: 1986M
 Pre-touch: Disabled
 Parallel Workers: 8
 Concurrent Workers: 2
 Concurrent Refinement Workers: 8
 Periodic GC: Disabled

Heap:
 garbage-first heap   total 242688K, used 171541K [0x0000000083e00000, 0x0000000100000000)
  region size 1024K, 101 young (103424K), 1 survivors (1024K)
 Metaspace       used 66262K, committed 66560K, reserved 1114112K
  class space    used 7388K, committed 7552K, reserved 1048576K

Heap Regions: E=young(eden), S=young(survivor), O=old, HS=humongous(starts), HC=humongous(continues), CS=collection set, F=free, OA=open archive, CA=closed archive, TAMS=top-at-mark-start (previous, next)
|   0|0x0000000083e00000, 0x0000000083f00000, 0x0000000083f00000|100%|HS|  |TAMS 0x0000000083f00000, 0x0000000083e00000| Complete 
|   1|0x0000000083f00000, 0x0000000084000000, 0x0000000084000000|100%|HC|  |TAMS 0x0000000084000000, 0x0000000083f00000| Complete 
|   2|0x0000000084000000, 0x0000000084100000, 0x0000000084100000|100%|HC|  |TAMS 0x0000000084100000, 0x0000000084000000| Complete 
|   3|0x0000000084100000, 0x0000000084200000, 0x0000000084200000|100%|HC|  |TAMS 0x0000000084200000, 0x0000000084100000| Complete 
|   4|0x0000000084200000, 0x0000000084300000, 0x0000000084300000|100%| O|  |TAMS 0x0000000084300000, 0x0000000084200000| Untracked 
|   5|0x0000000084300000, 0x0000000084400000, 0x0000000084400000|100%| O|  |TAMS 0x0000000084400000, 0x0000000084300000| Untracked 
|   6|0x0000000084400000, 0x0000000084500000, 0x0000000084500000|100%| O|  |TAMS 0x0000000084500000, 0x0000000084400000| Untracked 
|   7|0x0000000084500000, 0x0000000084600000, 0x0000000084600000|100%|HS|  |TAMS 0x0000000084600000, 0x0000000084500000| Complete 
|   8|0x0000000084600000, 0x0000000084700000, 0x0000000084700000|100%|HC|  |TAMS 0x0000000084700000, 0x0000000084600000| Complete 
|   9|0x0000000084700000, 0x0000000084800000, 0x0000000084800000|100%|HC|  |TAMS 0x0000000084800000, 0x0000000084700000| Complete 
|  10|0x0000000084800000, 0x0000000084900000, 0x0000000084900000|100%|HC|  |TAMS 0x0000000084900000, 0x0000000084800000| Complete 
|  11|0x0000000084900000, 0x0000000084a00000, 0x0000000084a00000|100%| O|  |TAMS 0x0000000084a00000, 0x0000000084900000| Untracked 
|  12|0x0000000084a00000, 0x0000000084b00000, 0x0000000084b00000|100%| O|  |TAMS 0x0000000084b00000, 0x0000000084a00000| Untracked 
|  13|0x0000000084b00000, 0x0000000084c00000, 0x0000000084c00000|100%| O|  |TAMS 0x0000000084c00000, 0x0000000084b00000| Untracked 
|  14|0x0000000084c00000, 0x0000000084d00000, 0x0000000084d00000|100%| O|  |TAMS 0x0000000084d00000, 0x0000000084c00000| Untracked 
|  15|0x0000000084d00000, 0x0000000084e00000, 0x0000000084e00000|100%| O|  |TAMS 0x0000000084e00000, 0x0000000084d00000| Untracked 
|  16|0x0000000084e00000, 0x0000000084f00000, 0x0000000084f00000|100%| O|  |TAMS 0x0000000084f00000, 0x0000000084e00000| Untracked 
|  17|0x0000000084f00000, 0x0000000085000000, 0x0000000085000000|100%| O|  |TAMS 0x0000000085000000, 0x0000000084f00000| Untracked 
|  18|0x0000000085000000, 0x0000000085100000, 0x0000000085100000|100%| O|  |TAMS 0x0000000085100000, 0x0000000085000000| Untracked 
|  19|0x0000000085100000, 0x0000000085200000, 0x0000000085200000|100%| O|  |TAMS 0x0000000085200000, 0x0000000085100000| Untracked 
|  20|0x0000000085200000, 0x0000000085300000, 0x0000000085300000|100%| O|  |TAMS 0x0000000085300000, 0x0000000085200000| Untracked 
|  21|0x0000000085300000, 0x0000000085400000, 0x0000000085400000|100%| O|  |TAMS 0x0000000085400000, 0x0000000085300000| Untracked 
|  22|0x0000000085400000, 0x0000000085500000, 0x0000000085500000|100%| O|  |TAMS 0x0000000085500000, 0x0000000085400000| Untracked 
|  23|0x0000000085500000, 0x0000000085600000, 0x0000000085600000|100%| O|  |TAMS 0x0000000085600000, 0x0000000085500000| Untracked 
|  24|0x0000000085600000, 0x0000000085700000, 0x0000000085700000|100%| O|  |TAMS 0x0000000085700000, 0x0000000085600000| Untracked 
|  25|0x0000000085700000, 0x0000000085800000, 0x0000000085800000|100%| O|  |TAMS 0x0000000085800000, 0x0000000085700000| Untracked 
|  26|0x0000000085800000, 0x0000000085900000, 0x0000000085900000|100%| O|  |TAMS 0x0000000085900000, 0x0000000085800000| Untracked 
|  27|0x0000000085900000, 0x0000000085a00000, 0x0000000085a00000|100%| O|  |TAMS 0x0000000085a00000, 0x0000000085900000| Untracked 
|  28|0x0000000085a00000, 0x0000000085b00000, 0x0000000085b00000|100%| O|  |TAMS 0x0000000085b00000, 0x0000000085a00000| Untracked 
|  29|0x0000000085b00000, 0x0000000085c00000, 0x0000000085c00000|100%| O|  |TAMS 0x0000000085c00000, 0x0000000085b00000| Untracked 
|  30|0x0000000085c00000, 0x0000000085d00000, 0x0000000085d00000|100%| O|  |TAMS 0x0000000085d00000, 0x0000000085c00000| Untracked 
|  31|0x0000000085d00000, 0x0000000085e00000, 0x0000000085e00000|100%| O|  |TAMS 0x0000000085e00000, 0x0000000085d00000| Untracked 
|  32|0x0000000085e00000, 0x0000000085f00000, 0x0000000085f00000|100%| O|  |TAMS 0x0000000085f00000, 0x0000000085e00000| Untracked 
|  33|0x0000000085f00000, 0x0000000086000000, 0x0000000086000000|100%|HS|  |TAMS 0x0000000086000000, 0x0000000085f00000| Complete 
|  34|0x0000000086000000, 0x0000000086100000, 0x0000000086100000|100%|HC|  |TAMS 0x0000000086100000, 0x0000000086000000| Complete 
|  35|0x0000000086100000, 0x0000000086200000, 0x0000000086200000|100%| O|  |TAMS 0x0000000086200000, 0x0000000086100000| Untracked 
|  36|0x0000000086200000, 0x0000000086300000, 0x0000000086300000|100%| O|  |TAMS 0x0000000086300000, 0x0000000086200000| Untracked 
|  37|0x0000000086300000, 0x0000000086400000, 0x0000000086400000|100%| O|  |TAMS 0x0000000086400000, 0x0000000086300000| Untracked 
|  38|0x0000000086400000, 0x0000000086500000, 0x0000000086500000|100%| O|  |TAMS 0x0000000086500000, 0x0000000086400000| Untracked 
|  39|0x0000000086500000, 0x0000000086600000, 0x0000000086600000|100%| O|  |TAMS 0x0000000086600000, 0x0000000086500000| Untracked 
|  40|0x0000000086600000, 0x0000000086700000, 0x0000000086700000|100%| O|  |TAMS 0x0000000086700000, 0x0000000086600000| Untracked 
|  41|0x0000000086700000, 0x0000000086800000, 0x0000000086800000|100%| O|  |TAMS 0x0000000086800000, 0x0000000086700000| Untracked 
|  42|0x0000000086800000, 0x0000000086900000, 0x0000000086900000|100%| O|  |TAMS 0x0000000086900000, 0x0000000086800000| Untracked 
|  43|0x0000000086900000, 0x0000000086a00000, 0x0000000086a00000|100%| O|  |TAMS 0x0000000086a00000, 0x0000000086900000| Untracked 
|  44|0x0000000086a00000, 0x0000000086b00000, 0x0000000086b00000|100%| O|  |TAMS 0x0000000086b00000, 0x0000000086a00000| Untracked 
|  45|0x0000000086b00000, 0x0000000086c00000, 0x0000000086c00000|100%| O|  |TAMS 0x0000000086c00000, 0x0000000086b00000| Untracked 
|  46|0x0000000086c00000, 0x0000000086d00000, 0x0000000086d00000|100%| O|  |TAMS 0x0000000086d00000, 0x0000000086c00000| Untracked 
|  47|0x0000000086d00000, 0x0000000086e00000, 0x0000000086e00000|100%| O|  |TAMS 0x0000000086e00000, 0x0000000086d00000| Untracked 
|  48|0x0000000086e00000, 0x0000000086f00000, 0x0000000086f00000|100%| O|  |TAMS 0x0000000086f00000, 0x0000000086e00000| Untracked 
|  49|0x0000000086f00000, 0x0000000087000000, 0x0000000087000000|100%| O|  |TAMS 0x0000000087000000, 0x0000000086f00000| Untracked 
|  50|0x0000000087000000, 0x0000000087000000, 0x0000000087100000|  0%| F|  |TAMS 0x0000000087000000, 0x0000000087000000| Untracked 
|  51|0x0000000087100000, 0x0000000087200000, 0x0000000087200000|100%| O|  |TAMS 0x0000000087200000, 0x0000000087100000| Untracked 
|  52|0x0000000087200000, 0x0000000087300000, 0x0000000087300000|100%| O|  |TAMS 0x0000000087300000, 0x0000000087200000| Untracked 
|  53|0x0000000087300000, 0x0000000087400000, 0x0000000087400000|100%| O|  |TAMS 0x0000000087400000, 0x0000000087300000| Untracked 
|  54|0x0000000087400000, 0x0000000087500000, 0x0000000087500000|100%| O|  |TAMS 0x0000000087500000, 0x0000000087400000| Untracked 
|  55|0x0000000087500000, 0x0000000087600000, 0x0000000087600000|100%| O|  |TAMS 0x000000008755ac00, 0x0000000087500000| Untracked 
|  56|0x0000000087600000, 0x0000000087700000, 0x0000000087700000|100%| O|  |TAMS 0x0000000087600000, 0x0000000087600000| Untracked 
|  57|0x0000000087700000, 0x0000000087800000, 0x0000000087800000|100%| O|  |TAMS 0x0000000087700000, 0x0000000087700000| Untracked 
|  58|0x0000000087800000, 0x0000000087900000, 0x0000000087900000|100%| O|  |TAMS 0x0000000087800000, 0x0000000087800000| Untracked 
|  59|0x0000000087900000, 0x0000000087a00000, 0x0000000087a00000|100%| O|  |TAMS 0x0000000087900000, 0x0000000087900000| Untracked 
|  60|0x0000000087a00000, 0x0000000087b00000, 0x0000000087b00000|100%| O|  |TAMS 0x0000000087a00000, 0x0000000087a00000| Untracked 
|  61|0x0000000087b00000, 0x0000000087c00000, 0x0000000087c00000|100%|HS|  |TAMS 0x0000000087b00000, 0x0000000087b00000| Complete 
|  62|0x0000000087c00000, 0x0000000087d00000, 0x0000000087d00000|100%|HC|  |TAMS 0x0000000087c00000, 0x0000000087c00000| Complete 
|  63|0x0000000087d00000, 0x0000000087e00000, 0x0000000087e00000|100%| O|  |TAMS 0x0000000087d00000, 0x0000000087d00000| Untracked 
|  64|0x0000000087e00000, 0x0000000087f00000, 0x0000000087f00000|100%| O|  |TAMS 0x0000000087e00000, 0x0000000087e00000| Untracked 
|  65|0x0000000087f00000, 0x0000000088000000, 0x0000000088000000|100%| O|  |TAMS 0x0000000087f00000, 0x0000000087f00000| Untracked 
|  66|0x0000000088000000, 0x0000000088100000, 0x0000000088100000|100%| O|  |TAMS 0x0000000088000000, 0x0000000088000000| Untracked 
|  67|0x0000000088100000, 0x0000000088200000, 0x0000000088200000|100%| O|  |TAMS 0x0000000088100000, 0x0000000088100000| Untracked 
|  68|0x0000000088200000, 0x0000000088300000, 0x0000000088300000|100%| O|  |TAMS 0x0000000088200000, 0x0000000088200000| Untracked 
|  69|0x0000000088300000, 0x0000000088300000, 0x0000000088400000|  0%| F|  |TAMS 0x0000000088300000, 0x0000000088300000| Untracked 
|  70|0x0000000088400000, 0x0000000088400000, 0x0000000088500000|  0%| F|  |TAMS 0x0000000088400000, 0x0000000088400000| Untracked 
|  71|0x0000000088500000, 0x0000000088500000, 0x0000000088600000|  0%| F|  |TAMS 0x0000000088500000, 0x0000000088500000| Untracked 
|  72|0x0000000088600000, 0x0000000088600000, 0x0000000088700000|  0%| F|  |TAMS 0x0000000088600000, 0x0000000088600000| Untracked 
|  73|0x0000000088700000, 0x0000000088700000, 0x0000000088800000|  0%| F|  |TAMS 0x0000000088700000, 0x0000000088700000| Untracked 
|  74|0x0000000088800000, 0x0000000088800000, 0x0000000088900000|  0%| F|  |TAMS 0x0000000088800000, 0x0000000088800000| Untracked 
|  75|0x0000000088900000, 0x0000000088900000, 0x0000000088a00000|  0%| F|  |TAMS 0x0000000088900000, 0x0000000088900000| Untracked 
|  76|0x0000000088a00000, 0x0000000088a00000, 0x0000000088b00000|  0%| F|  |TAMS 0x0000000088a00000, 0x0000000088a00000| Untracked 
|  77|0x0000000088b00000, 0x0000000088b00000, 0x0000000088c00000|  0%| F|  |TAMS 0x0000000088b00000, 0x0000000088b00000| Untracked 
|  78|0x0000000088c00000, 0x0000000088c00000, 0x0000000088d00000|  0%| F|  |TAMS 0x0000000088c00000, 0x0000000088c00000| Untracked 
|  79|0x0000000088d00000, 0x0000000088d00000, 0x0000000088e00000|  0%| F|  |TAMS 0x0000000088d00000, 0x0000000088d00000| Untracked 
|  80|0x0000000088e00000, 0x0000000088e00000, 0x0000000088f00000|  0%| F|  |TAMS 0x0000000088e00000, 0x0000000088e00000| Untracked 
|  81|0x0000000088f00000, 0x0000000088f00000, 0x0000000089000000|  0%| F|  |TAMS 0x0000000088f00000, 0x0000000088f00000| Untracked 
|  82|0x0000000089000000, 0x0000000089000000, 0x0000000089100000|  0%| F|  |TAMS 0x0000000089000000, 0x0000000089000000| Untracked 
|  83|0x0000000089100000, 0x0000000089100000, 0x0000000089200000|  0%| F|  |TAMS 0x0000000089100000, 0x0000000089100000| Untracked 
|  84|0x0000000089200000, 0x0000000089200000, 0x0000000089300000|  0%| F|  |TAMS 0x0000000089200000, 0x0000000089200000| Untracked 
|  85|0x0000000089300000, 0x0000000089300000, 0x0000000089400000|  0%| F|  |TAMS 0x0000000089300000, 0x0000000089300000| Untracked 
|  86|0x0000000089400000, 0x0000000089400000, 0x0000000089500000|  0%| F|  |TAMS 0x0000000089400000, 0x0000000089400000| Untracked 
|  87|0x0000000089500000, 0x0000000089500000, 0x0000000089600000|  0%| F|  |TAMS 0x0000000089500000, 0x0000000089500000| Untracked 
|  88|0x0000000089600000, 0x0000000089600000, 0x0000000089700000|  0%| F|  |TAMS 0x0000000089600000, 0x0000000089600000| Untracked 
|  89|0x0000000089700000, 0x0000000089700000, 0x0000000089800000|  0%| F|  |TAMS 0x0000000089700000, 0x0000000089700000| Untracked 
|  90|0x0000000089800000, 0x0000000089800000, 0x0000000089900000|  0%| F|  |TAMS 0x0000000089800000, 0x0000000089800000| Untracked 
|  91|0x0000000089900000, 0x0000000089900000, 0x0000000089a00000|  0%| F|  |TAMS 0x0000000089900000, 0x0000000089900000| Untracked 
|  92|0x0000000089a00000, 0x0000000089a00000, 0x0000000089b00000|  0%| F|  |TAMS 0x0000000089a00000, 0x0000000089a00000| Untracked 
|  93|0x0000000089b00000, 0x0000000089b00000, 0x0000000089c00000|  0%| F|  |TAMS 0x0000000089b00000, 0x0000000089b00000| Untracked 
|  94|0x0000000089c00000, 0x0000000089c00000, 0x0000000089d00000|  0%| F|  |TAMS 0x0000000089c00000, 0x0000000089c00000| Untracked 
|  95|0x0000000089d00000, 0x0000000089d00000, 0x0000000089e00000|  0%| F|  |TAMS 0x0000000089d00000, 0x0000000089d00000| Untracked 
|  96|0x0000000089e00000, 0x0000000089e00000, 0x0000000089f00000|  0%| F|  |TAMS 0x0000000089e00000, 0x0000000089e00000| Untracked 
|  97|0x0000000089f00000, 0x0000000089f00000, 0x000000008a000000|  0%| F|  |TAMS 0x0000000089f00000, 0x0000000089f00000| Untracked 
|  98|0x000000008a000000, 0x000000008a000000, 0x000000008a100000|  0%| F|  |TAMS 0x000000008a000000, 0x000000008a000000| Untracked 
|  99|0x000000008a100000, 0x000000008a100000, 0x000000008a200000|  0%| F|  |TAMS 0x000000008a100000, 0x000000008a100000| Untracked 
| 100|0x000000008a200000, 0x000000008a200000, 0x000000008a300000|  0%| F|  |TAMS 0x000000008a200000, 0x000000008a200000| Untracked 
| 101|0x000000008a300000, 0x000000008a300000, 0x000000008a400000|  0%| F|  |TAMS 0x000000008a300000, 0x000000008a300000| Untracked 
| 102|0x000000008a400000, 0x000000008a400000, 0x000000008a500000|  0%| F|  |TAMS 0x000000008a400000, 0x000000008a400000| Untracked 
| 103|0x000000008a500000, 0x000000008a500000, 0x000000008a600000|  0%| F|  |TAMS 0x000000008a500000, 0x000000008a500000| Untracked 
| 104|0x000000008a600000, 0x000000008a600000, 0x000000008a700000|  0%| F|  |TAMS 0x000000008a600000, 0x000000008a600000| Untracked 
| 105|0x000000008a700000, 0x000000008a700000, 0x000000008a800000|  0%| F|  |TAMS 0x000000008a700000, 0x000000008a700000| Untracked 
| 106|0x000000008a800000, 0x000000008a800000, 0x000000008a900000|  0%| F|  |TAMS 0x000000008a800000, 0x000000008a800000| Untracked 
| 107|0x000000008a900000, 0x000000008a900000, 0x000000008aa00000|  0%| F|  |TAMS 0x000000008a900000, 0x000000008a900000| Untracked 
| 108|0x000000008aa00000, 0x000000008aa00000, 0x000000008ab00000|  0%| F|  |TAMS 0x000000008aa00000, 0x000000008aa00000| Untracked 
| 109|0x000000008ab00000, 0x000000008ab00000, 0x000000008ac00000|  0%| F|  |TAMS 0x000000008ab00000, 0x000000008ab00000| Untracked 
| 110|0x000000008ac00000, 0x000000008ac00000, 0x000000008ad00000|  0%| F|  |TAMS 0x000000008ac00000, 0x000000008ac00000| Untracked 
| 111|0x000000008ad00000, 0x000000008ad00000, 0x000000008ae00000|  0%| F|  |TAMS 0x000000008ad00000, 0x000000008ad00000| Untracked 
| 112|0x000000008ae00000, 0x000000008ae00000, 0x000000008af00000|  0%| F|  |TAMS 0x000000008ae00000, 0x000000008ae00000| Untracked 
| 113|0x000000008af00000, 0x000000008af00000, 0x000000008b000000|  0%| F|  |TAMS 0x000000008af00000, 0x000000008af00000| Untracked 
| 114|0x000000008b000000, 0x000000008b000000, 0x000000008b100000|  0%| F|  |TAMS 0x000000008b000000, 0x000000008b000000| Untracked 
| 115|0x000000008b100000, 0x000000008b100000, 0x000000008b200000|  0%| F|  |TAMS 0x000000008b100000, 0x000000008b100000| Untracked 
| 116|0x000000008b200000, 0x000000008b2857b0, 0x000000008b300000| 52%| S|CS|TAMS 0x000000008b200000, 0x000000008b200000| Complete 
| 117|0x000000008b300000, 0x000000008b300000, 0x000000008b400000|  0%| F|  |TAMS 0x000000008b300000, 0x000000008b300000| Untracked 
| 118|0x000000008b400000, 0x000000008b400000, 0x000000008b500000|  0%| F|  |TAMS 0x000000008b400000, 0x000000008b400000| Untracked 
| 119|0x000000008b500000, 0x000000008b500000, 0x000000008b600000|  0%| F|  |TAMS 0x000000008b500000, 0x000000008b500000| Untracked 
| 120|0x000000008b600000, 0x000000008b600000, 0x000000008b700000|  0%| F|  |TAMS 0x000000008b600000, 0x000000008b600000| Untracked 
| 121|0x000000008b700000, 0x000000008b700000, 0x000000008b800000|  0%| F|  |TAMS 0x000000008b700000, 0x000000008b700000| Untracked 
| 122|0x000000008b800000, 0x000000008b800000, 0x000000008b900000|  0%| F|  |TAMS 0x000000008b800000, 0x000000008b800000| Untracked 
| 123|0x000000008b900000, 0x000000008b900000, 0x000000008ba00000|  0%| F|  |TAMS 0x000000008b900000, 0x000000008b900000| Untracked 
| 124|0x000000008ba00000, 0x000000008ba00000, 0x000000008bb00000|  0%| F|  |TAMS 0x000000008ba00000, 0x000000008ba00000| Untracked 
| 125|0x000000008bb00000, 0x000000008bb00000, 0x000000008bc00000|  0%| F|  |TAMS 0x000000008bb00000, 0x000000008bb00000| Untracked 
| 126|0x000000008bc00000, 0x000000008bc00000, 0x000000008bd00000|  0%| F|  |TAMS 0x000000008bc00000, 0x000000008bc00000| Untracked 
| 127|0x000000008bd00000, 0x000000008bd00000, 0x000000008be00000|  0%| F|  |TAMS 0x000000008bd00000, 0x000000008bd00000| Untracked 
| 128|0x000000008be00000, 0x000000008be00000, 0x000000008bf00000|  0%| F|  |TAMS 0x000000008be00000, 0x000000008be00000| Untracked 
| 129|0x000000008bf00000, 0x000000008bf00000, 0x000000008c000000|  0%| F|  |TAMS 0x000000008bf00000, 0x000000008bf00000| Untracked 
| 130|0x000000008c000000, 0x000000008c000000, 0x000000008c100000|  0%| F|  |TAMS 0x000000008c000000, 0x000000008c000000| Untracked 
| 131|0x000000008c100000, 0x000000008c100000, 0x000000008c200000|  0%| F|  |TAMS 0x000000008c100000, 0x000000008c100000| Untracked 
| 132|0x000000008c200000, 0x000000008c200000, 0x000000008c300000|  0%| F|  |TAMS 0x000000008c200000, 0x000000008c200000| Untracked 
| 133|0x000000008c300000, 0x000000008c300000, 0x000000008c400000|  0%| F|  |TAMS 0x000000008c300000, 0x000000008c300000| Untracked 
| 134|0x000000008c400000, 0x000000008c400000, 0x000000008c500000|  0%| F|  |TAMS 0x000000008c400000, 0x000000008c400000| Untracked 
| 135|0x000000008c500000, 0x000000008c500000, 0x000000008c600000|  0%| F|  |TAMS 0x000000008c500000, 0x000000008c500000| Untracked 
| 136|0x000000008c600000, 0x000000008c600000, 0x000000008c700000|  0%| F|  |TAMS 0x000000008c600000, 0x000000008c600000| Untracked 
| 137|0x000000008c700000, 0x000000008c800000, 0x000000008c800000|100%| E|  |TAMS 0x000000008c700000, 0x000000008c700000| Complete 
| 138|0x000000008c800000, 0x000000008c900000, 0x000000008c900000|100%| E|CS|TAMS 0x000000008c800000, 0x000000008c800000| Complete 
| 139|0x000000008c900000, 0x000000008ca00000, 0x000000008ca00000|100%| E|CS|TAMS 0x000000008c900000, 0x000000008c900000| Complete 
| 140|0x000000008ca00000, 0x000000008cb00000, 0x000000008cb00000|100%| E|CS|TAMS 0x000000008ca00000, 0x000000008ca00000| Complete 
| 141|0x000000008cb00000, 0x000000008cc00000, 0x000000008cc00000|100%| E|CS|TAMS 0x000000008cb00000, 0x000000008cb00000| Complete 
| 142|0x000000008cc00000, 0x000000008cd00000, 0x000000008cd00000|100%| E|CS|TAMS 0x000000008cc00000, 0x000000008cc00000| Complete 
| 143|0x000000008cd00000, 0x000000008ce00000, 0x000000008ce00000|100%| E|CS|TAMS 0x000000008cd00000, 0x000000008cd00000| Complete 
| 144|0x000000008ce00000, 0x000000008cf00000, 0x000000008cf00000|100%| E|CS|TAMS 0x000000008ce00000, 0x000000008ce00000| Complete 
| 145|0x000000008cf00000, 0x000000008d000000, 0x000000008d000000|100%| E|CS|TAMS 0x000000008cf00000, 0x000000008cf00000| Complete 
| 146|0x000000008d000000, 0x000000008d100000, 0x000000008d100000|100%| E|CS|TAMS 0x000000008d000000, 0x000000008d000000| Complete 
| 147|0x000000008d100000, 0x000000008d200000, 0x000000008d200000|100%| E|CS|TAMS 0x000000008d100000, 0x000000008d100000| Complete 
| 148|0x000000008d200000, 0x000000008d300000, 0x000000008d300000|100%| E|CS|TAMS 0x000000008d200000, 0x000000008d200000| Complete 
| 149|0x000000008d300000, 0x000000008d400000, 0x000000008d400000|100%| E|CS|TAMS 0x000000008d300000, 0x000000008d300000| Complete 
| 150|0x000000008d400000, 0x000000008d500000, 0x000000008d500000|100%| E|CS|TAMS 0x000000008d400000, 0x000000008d400000| Complete 
| 151|0x000000008d500000, 0x000000008d600000, 0x000000008d600000|100%| E|CS|TAMS 0x000000008d500000, 0x000000008d500000| Complete 
| 152|0x000000008d600000, 0x000000008d700000, 0x000000008d700000|100%| E|CS|TAMS 0x000000008d600000, 0x000000008d600000| Complete 
| 153|0x000000008d700000, 0x000000008d800000, 0x000000008d800000|100%| E|CS|TAMS 0x000000008d700000, 0x000000008d700000| Complete 
| 154|0x000000008d800000, 0x000000008d900000, 0x000000008d900000|100%| E|CS|TAMS 0x000000008d800000, 0x000000008d800000| Complete 
| 155|0x000000008d900000, 0x000000008da00000, 0x000000008da00000|100%| E|CS|TAMS 0x000000008d900000, 0x000000008d900000| Complete 
| 156|0x000000008da00000, 0x000000008db00000, 0x000000008db00000|100%| E|CS|TAMS 0x000000008da00000, 0x000000008da00000| Complete 
| 157|0x000000008db00000, 0x000000008dc00000, 0x000000008dc00000|100%| E|CS|TAMS 0x000000008db00000, 0x000000008db00000| Complete 
| 158|0x000000008dc00000, 0x000000008dd00000, 0x000000008dd00000|100%| E|CS|TAMS 0x000000008dc00000, 0x000000008dc00000| Complete 
| 159|0x000000008dd00000, 0x000000008de00000, 0x000000008de00000|100%| E|CS|TAMS 0x000000008dd00000, 0x000000008dd00000| Complete 
| 160|0x000000008de00000, 0x000000008df00000, 0x000000008df00000|100%| E|CS|TAMS 0x000000008de00000, 0x000000008de00000| Complete 
| 161|0x000000008df00000, 0x000000008e000000, 0x000000008e000000|100%| E|CS|TAMS 0x000000008df00000, 0x000000008df00000| Complete 
| 162|0x000000008e000000, 0x000000008e100000, 0x000000008e100000|100%| E|CS|TAMS 0x000000008e000000, 0x000000008e000000| Complete 
| 163|0x000000008e100000, 0x000000008e200000, 0x000000008e200000|100%| E|CS|TAMS 0x000000008e100000, 0x000000008e100000| Complete 
| 164|0x000000008e200000, 0x000000008e300000, 0x000000008e300000|100%| E|CS|TAMS 0x000000008e200000, 0x000000008e200000| Complete 
| 165|0x000000008e300000, 0x000000008e400000, 0x000000008e400000|100%| E|CS|TAMS 0x000000008e300000, 0x000000008e300000| Complete 
| 166|0x000000008e400000, 0x000000008e500000, 0x000000008e500000|100%| E|CS|TAMS 0x000000008e400000, 0x000000008e400000| Complete 
| 167|0x000000008e500000, 0x000000008e600000, 0x000000008e600000|100%| E|CS|TAMS 0x000000008e500000, 0x000000008e500000| Complete 
| 168|0x000000008e600000, 0x000000008e700000, 0x000000008e700000|100%| E|CS|TAMS 0x000000008e600000, 0x000000008e600000| Complete 
| 169|0x000000008e700000, 0x000000008e800000, 0x000000008e800000|100%| E|CS|TAMS 0x000000008e700000, 0x000000008e700000| Complete 
| 170|0x000000008e800000, 0x000000008e900000, 0x000000008e900000|100%| E|CS|TAMS 0x000000008e800000, 0x000000008e800000| Complete 
| 171|0x000000008e900000, 0x000000008ea00000, 0x000000008ea00000|100%| E|CS|TAMS 0x000000008e900000, 0x000000008e900000| Complete 
| 172|0x000000008ea00000, 0x000000008eb00000, 0x000000008eb00000|100%| E|CS|TAMS 0x000000008ea00000, 0x000000008ea00000| Complete 
| 173|0x000000008eb00000, 0x000000008ec00000, 0x000000008ec00000|100%| E|CS|TAMS 0x000000008eb00000, 0x000000008eb00000| Complete 
| 174|0x000000008ec00000, 0x000000008ed00000, 0x000000008ed00000|100%| E|CS|TAMS 0x000000008ec00000, 0x000000008ec00000| Complete 
| 175|0x000000008ed00000, 0x000000008ee00000, 0x000000008ee00000|100%| E|CS|TAMS 0x000000008ed00000, 0x000000008ed00000| Complete 
| 176|0x000000008ee00000, 0x000000008ef00000, 0x000000008ef00000|100%| E|CS|TAMS 0x000000008ee00000, 0x000000008ee00000| Complete 
| 177|0x000000008ef00000, 0x000000008f000000, 0x000000008f000000|100%| E|CS|TAMS 0x000000008ef00000, 0x000000008ef00000| Complete 
| 178|0x000000008f000000, 0x000000008f100000, 0x000000008f100000|100%| E|CS|TAMS 0x000000008f000000, 0x000000008f000000| Complete 
| 179|0x000000008f100000, 0x000000008f200000, 0x000000008f200000|100%| E|CS|TAMS 0x000000008f100000, 0x000000008f100000| Complete 
| 180|0x000000008f200000, 0x000000008f300000, 0x000000008f300000|100%| E|CS|TAMS 0x000000008f200000, 0x000000008f200000| Complete 
| 181|0x000000008f300000, 0x000000008f400000, 0x000000008f400000|100%| E|CS|TAMS 0x000000008f300000, 0x000000008f300000| Complete 
| 182|0x000000008f400000, 0x000000008f500000, 0x000000008f500000|100%| E|CS|TAMS 0x000000008f400000, 0x000000008f400000| Complete 
| 183|0x000000008f500000, 0x000000008f600000, 0x000000008f600000|100%| E|CS|TAMS 0x000000008f500000, 0x000000008f500000| Complete 
| 184|0x000000008f600000, 0x000000008f700000, 0x000000008f700000|100%| E|CS|TAMS 0x000000008f600000, 0x000000008f600000| Complete 
| 185|0x000000008f700000, 0x000000008f800000, 0x000000008f800000|100%| E|CS|TAMS 0x000000008f700000, 0x000000008f700000| Complete 
| 186|0x000000008f800000, 0x000000008f900000, 0x000000008f900000|100%| E|CS|TAMS 0x000000008f800000, 0x000000008f800000| Complete 
| 187|0x000000008f900000, 0x000000008fa00000, 0x000000008fa00000|100%| E|CS|TAMS 0x000000008f900000, 0x000000008f900000| Complete 
| 188|0x000000008fa00000, 0x000000008fb00000, 0x000000008fb00000|100%| E|CS|TAMS 0x000000008fa00000, 0x000000008fa00000| Complete 
| 189|0x000000008fb00000, 0x000000008fc00000, 0x000000008fc00000|100%| E|CS|TAMS 0x000000008fb00000, 0x000000008fb00000| Complete 
| 190|0x000000008fc00000, 0x000000008fd00000, 0x000000008fd00000|100%| E|CS|TAMS 0x000000008fc00000, 0x000000008fc00000| Complete 
| 191|0x000000008fd00000, 0x000000008fe00000, 0x000000008fe00000|100%| E|CS|TAMS 0x000000008fd00000, 0x000000008fd00000| Complete 
| 192|0x000000008fe00000, 0x000000008ff00000, 0x000000008ff00000|100%| E|CS|TAMS 0x000000008fe00000, 0x000000008fe00000| Complete 
| 193|0x000000008ff00000, 0x0000000090000000, 0x0000000090000000|100%| E|CS|TAMS 0x000000008ff00000, 0x000000008ff00000| Complete 
| 194|0x0000000090000000, 0x0000000090100000, 0x0000000090100000|100%| E|CS|TAMS 0x0000000090000000, 0x0000000090000000| Complete 
| 195|0x0000000090100000, 0x0000000090200000, 0x0000000090200000|100%| E|CS|TAMS 0x0000000090100000, 0x0000000090100000| Complete 
| 196|0x0000000090200000, 0x0000000090300000, 0x0000000090300000|100%| E|CS|TAMS 0x0000000090200000, 0x0000000090200000| Complete 
| 197|0x0000000090300000, 0x0000000090400000, 0x0000000090400000|100%| E|CS|TAMS 0x0000000090300000, 0x0000000090300000| Complete 
| 198|0x0000000090400000, 0x0000000090500000, 0x0000000090500000|100%| E|CS|TAMS 0x0000000090400000, 0x0000000090400000| Complete 
| 199|0x0000000090500000, 0x0000000090600000, 0x0000000090600000|100%| E|CS|TAMS 0x0000000090500000, 0x0000000090500000| Complete 
| 200|0x0000000090600000, 0x0000000090700000, 0x0000000090700000|100%| E|CS|TAMS 0x0000000090600000, 0x0000000090600000| Complete 
| 201|0x0000000090700000, 0x0000000090800000, 0x0000000090800000|100%| E|CS|TAMS 0x0000000090700000, 0x0000000090700000| Complete 
| 202|0x0000000090800000, 0x0000000090900000, 0x0000000090900000|100%| E|CS|TAMS 0x0000000090800000, 0x0000000090800000| Complete 
| 203|0x0000000090900000, 0x0000000090a00000, 0x0000000090a00000|100%| E|CS|TAMS 0x0000000090900000, 0x0000000090900000| Complete 
| 204|0x0000000090a00000, 0x0000000090b00000, 0x0000000090b00000|100%| E|CS|TAMS 0x0000000090a00000, 0x0000000090a00000| Complete 
| 205|0x0000000090b00000, 0x0000000090c00000, 0x0000000090c00000|100%| E|CS|TAMS 0x0000000090b00000, 0x0000000090b00000| Complete 
| 206|0x0000000090c00000, 0x0000000090d00000, 0x0000000090d00000|100%| E|CS|TAMS 0x0000000090c00000, 0x0000000090c00000| Complete 
| 207|0x0000000090d00000, 0x0000000090e00000, 0x0000000090e00000|100%| E|CS|TAMS 0x0000000090d00000, 0x0000000090d00000| Complete 
| 208|0x0000000090e00000, 0x0000000090f00000, 0x0000000090f00000|100%| E|CS|TAMS 0x0000000090e00000, 0x0000000090e00000| Complete 
| 209|0x0000000090f00000, 0x0000000091000000, 0x0000000091000000|100%| E|CS|TAMS 0x0000000090f00000, 0x0000000090f00000| Complete 
| 210|0x0000000091000000, 0x0000000091100000, 0x0000000091100000|100%| E|CS|TAMS 0x0000000091000000, 0x0000000091000000| Complete 
| 211|0x0000000091100000, 0x0000000091200000, 0x0000000091200000|100%| E|CS|TAMS 0x0000000091100000, 0x0000000091100000| Complete 
| 212|0x0000000091200000, 0x0000000091300000, 0x0000000091300000|100%| E|CS|TAMS 0x0000000091200000, 0x0000000091200000| Complete 
| 213|0x0000000091300000, 0x0000000091400000, 0x0000000091400000|100%| E|CS|TAMS 0x0000000091300000, 0x0000000091300000| Complete 
| 214|0x0000000091400000, 0x0000000091500000, 0x0000000091500000|100%| E|CS|TAMS 0x0000000091400000, 0x0000000091400000| Complete 
| 215|0x0000000091500000, 0x0000000091600000, 0x0000000091600000|100%| E|CS|TAMS 0x0000000091500000, 0x0000000091500000| Complete 
| 216|0x0000000091600000, 0x0000000091700000, 0x0000000091700000|100%| E|CS|TAMS 0x0000000091600000, 0x0000000091600000| Complete 
| 217|0x0000000091700000, 0x0000000091800000, 0x0000000091800000|100%| E|CS|TAMS 0x0000000091700000, 0x0000000091700000| Complete 
| 218|0x0000000091800000, 0x0000000091900000, 0x0000000091900000|100%| E|CS|TAMS 0x0000000091800000, 0x0000000091800000| Complete 
| 219|0x0000000091900000, 0x0000000091a00000, 0x0000000091a00000|100%| E|CS|TAMS 0x0000000091900000, 0x0000000091900000| Complete 
| 220|0x0000000091a00000, 0x0000000091b00000, 0x0000000091b00000|100%| E|CS|TAMS 0x0000000091a00000, 0x0000000091a00000| Complete 
| 221|0x0000000091b00000, 0x0000000091c00000, 0x0000000091c00000|100%| E|CS|TAMS 0x0000000091b00000, 0x0000000091b00000| Complete 
| 222|0x0000000091c00000, 0x0000000091d00000, 0x0000000091d00000|100%| E|CS|TAMS 0x0000000091c00000, 0x0000000091c00000| Complete 
| 223|0x0000000091d00000, 0x0000000091e00000, 0x0000000091e00000|100%| E|CS|TAMS 0x0000000091d00000, 0x0000000091d00000| Complete 
| 224|0x0000000091e00000, 0x0000000091f00000, 0x0000000091f00000|100%| E|CS|TAMS 0x0000000091e00000, 0x0000000091e00000| Complete 
| 225|0x0000000091f00000, 0x0000000092000000, 0x0000000092000000|100%| E|CS|TAMS 0x0000000091f00000, 0x0000000091f00000| Complete 
| 226|0x0000000092000000, 0x0000000092100000, 0x0000000092100000|100%| E|CS|TAMS 0x0000000092000000, 0x0000000092000000| Complete 
| 227|0x0000000092100000, 0x0000000092200000, 0x0000000092200000|100%| E|CS|TAMS 0x0000000092100000, 0x0000000092100000| Complete 
| 228|0x0000000092200000, 0x0000000092300000, 0x0000000092300000|100%| E|CS|TAMS 0x0000000092200000, 0x0000000092200000| Complete 
| 229|0x0000000092300000, 0x0000000092400000, 0x0000000092400000|100%| E|CS|TAMS 0x0000000092300000, 0x0000000092300000| Complete 
| 230|0x0000000092400000, 0x0000000092500000, 0x0000000092500000|100%| E|CS|TAMS 0x0000000092400000, 0x0000000092400000| Complete 
| 231|0x0000000092500000, 0x0000000092600000, 0x0000000092600000|100%| E|CS|TAMS 0x0000000092500000, 0x0000000092500000| Complete 
| 232|0x0000000092600000, 0x0000000092700000, 0x0000000092700000|100%| E|CS|TAMS 0x0000000092600000, 0x0000000092600000| Complete 
| 233|0x0000000092700000, 0x0000000092800000, 0x0000000092800000|100%| E|CS|TAMS 0x0000000092700000, 0x0000000092700000| Complete 
| 234|0x0000000092800000, 0x0000000092900000, 0x0000000092900000|100%| E|CS|TAMS 0x0000000092800000, 0x0000000092800000| Complete 
| 235|0x0000000092900000, 0x0000000092a00000, 0x0000000092a00000|100%| E|CS|TAMS 0x0000000092900000, 0x0000000092900000| Complete 
| 236|0x0000000092a00000, 0x0000000092b00000, 0x0000000092b00000|100%| E|CS|TAMS 0x0000000092a00000, 0x0000000092a00000| Complete 

Card table byte_map: [0x000002cb62710000,0x000002cb62b00000] _byte_map_base: 0x000002cb622f1000

Marking Bits (Prev, Next): (CMBitMap*) 0x000002cb4dc323f0, (CMBitMap*) 0x000002cb4dc32430
 Prev Bits: [0x000002cb62ef0000, 0x000002cb64df8000)
 Next Bits: [0x000002cb64e00000, 0x000002cb66d08000)

Polling page: 0x000002cb4dca0000

Metaspace:

Usage:
  Non-class:     57.49 MB used.
      Class:      7.22 MB used.
       Both:     64.71 MB used.

Virtual space:
  Non-class space:       64.00 MB reserved,      57.62 MB ( 90%) committed,  1 nodes.
      Class space:        1.00 GB reserved,       7.38 MB ( <1%) committed,  1 nodes.
             Both:        1.06 GB reserved,      65.00 MB (  6%) committed. 

Chunk freelists:
   Non-Class:  6.38 MB
       Class:  8.60 MB
        Both:  14.98 MB

MaxMetaspaceSize: unlimited
CompressedClassSpaceSize: 1.00 GB
Initial GC threshold: 21.00 MB
Current GC threshold: 105.75 MB
CDS: off
MetaspaceReclaimPolicy: balanced
 - commit_granule_bytes: 65536.
 - commit_granule_words: 8192.
 - virtual_space_node_default_size: 8388608.
 - enlarge_chunks_in_place: 1.
 - new_chunks_are_fully_committed: 0.
 - uncommit_free_chunks: 1.
 - use_allocation_guard: 0.
 - handle_deallocations: 1.


Internal statistics:

num_allocs_failed_limit: 6.
num_arena_births: 322.
num_arena_deaths: 0.
num_vsnodes_births: 2.
num_vsnodes_deaths: 0.
num_space_committed: 1038.
num_space_uncommitted: 0.
num_chunks_returned_to_freelist: 6.
num_chunks_taken_from_freelist: 2462.
num_chunk_merges: 6.
num_chunk_splits: 1897.
num_chunks_enlarged: 1613.
num_inconsistent_stats: 0.

CodeHeap 'non-profiled nmethods': size=120000Kb used=3899Kb max_used=3932Kb free=116101Kb
 bounds [0x000002cb5a370000, 0x000002cb5a750000, 0x000002cb618a0000]
CodeHeap 'profiled nmethods': size=120000Kb used=25598Kb max_used=25598Kb free=94401Kb
 bounds [0x000002cb528a0000, 0x000002cb541f0000, 0x000002cb59dd0000]
CodeHeap 'non-nmethods': size=5760Kb used=1314Kb max_used=1374Kb free=4445Kb
 bounds [0x000002cb59dd0000, 0x000002cb5a040000, 0x000002cb5a370000]
 total_blobs=10661 nmethods=10031 adapters=539
 compilation: enabled
              stopped_count=0, restarted_count=0
 full_count=0

Compilation events (20 events):
Event: 36.317 Thread 0x000002cb699b1580 11926       3       java.util.ArrayList$SubList$1::<init> (39 bytes)
Event: 36.317 Thread 0x000002cb699b1580 nmethod 11926 0x000002cb53184d90 code [0x000002cb53184f20, 0x000002cb531850f8]
Event: 36.325 Thread 0x000002cb699b1580 11927       3       org.jetbrains.kotlin.resolve.lazy.LazyImportScope::definitelyDoesNotContainName (51 bytes)
Event: 36.326 Thread 0x000002cb699b1580 nmethod 11927 0x000002cb53679d10 code [0x000002cb53679f40, 0x000002cb5367a698]
Event: 36.339 Thread 0x000002cb699b1580 11928       3       kotlin.sequences.SequencesKt__SequencesKt::generateSequence (32 bytes)
Event: 36.344 Thread 0x000002cb699b1580 nmethod 11928 0x000002cb53c89510 code [0x000002cb53c89820, 0x000002cb53c8aa78]
Event: 36.344 Thread 0x000002cb699b1580 11930       3       org.jetbrains.kotlin.descriptors.impl.ModuleDescriptorImpl::getCapability (24 bytes)
Event: 36.346 Thread 0x000002cb699b1580 nmethod 11930 0x000002cb53dff690 code [0x000002cb53dff8c0, 0x000002cb53dfff68]
Event: 36.346 Thread 0x000002cb699b1580 11931       3       androidx.compose.compiler.plugins.kotlin.ComposeFqNamesKt::hasComposableAnnotation (37 bytes)
Event: 36.352 Thread 0x000002cb699b1580 nmethod 11931 0x000002cb53fd8990 code [0x000002cb53fd8e00, 0x000002cb53fdabb8]
Event: 36.352 Thread 0x000002cb699b1580 11929       3       kotlin.sequences.SequencesKt__SequencesKt$generateSequence$1::<init> (11 bytes)
Event: 36.352 Thread 0x000002cb699b1580 nmethod 11929 0x000002cb5361f710 code [0x000002cb5361f8c0, 0x000002cb5361faf8]
Event: 36.356 Thread 0x000002cb699b1580 11933       3       org.jetbrains.kotlin.resolve.lazy.LazyImportResolver$collectFromImports$1::invoke (5 bytes)
Event: 36.357 Thread 0x000002cb699b1580 nmethod 11933 0x000002cb535f8310 code [0x000002cb535f84a0, 0x000002cb535f85e8]
Event: 36.420 Thread 0x000002cb699b1580 11935       3       org.jetbrains.kotlin.metadata.deserialization.Flags$BooleanFlagField::toFlags (18 bytes)
Event: 36.421 Thread 0x000002cb699b1580 nmethod 11935 0x000002cb5318f110 code [0x000002cb5318f2c0, 0x000002cb5318f478]
Event: 36.435 Thread 0x000002cb699b1580 11937       3       org.jetbrains.kotlin.resolve.calls.tower.KotlinResolutionCallbacksImpl::analyzeAndGetLambdaReturnArguments$createCallArgument (291 bytes)
Event: 36.444 Thread 0x000002cb699b1580 nmethod 11937 0x000002cb541dba90 code [0x000002cb541dc160, 0x000002cb541df548]
Event: 36.450 Thread 0x000002cb699b1580 11938       3       org.jetbrains.kotlin.types.expressions.ExpressionTypingVisitorDispatcher$ForBlock::getStatementVisitor (13 bytes)
Event: 36.451 Thread 0x000002cb699b1580 nmethod 11938 0x000002cb53194210 code [0x000002cb531943c0, 0x000002cb53194548]

GC Heap History (20 events):
Event: 12.706 GC heap before
{Heap before GC invocations=14 (full 0):
 garbage-first heap   total 86016K, used 66622K [0x0000000083e00000, 0x0000000100000000)
  region size 1024K, 31 young (31744K), 1 survivors (1024K)
 Metaspace       used 53044K, committed 53312K, reserved 1114112K
  class space    used 6317K, committed 6464K, reserved 1048576K
}
Event: 12.737 GC heap after
{Heap after GC invocations=15 (full 0):
 garbage-first heap   total 86016K, used 40764K [0x0000000083e00000, 0x0000000100000000)
  region size 1024K, 4 young (4096K), 4 survivors (4096K)
 Metaspace       used 53044K, committed 53312K, reserved 1114112K
  class space    used 6317K, committed 6464K, reserved 1048576K
}
Event: 13.730 GC heap before
{Heap before GC invocations=15 (full 0):
 garbage-first heap   total 86016K, used 65340K [0x0000000083e00000, 0x0000000100000000)
  region size 1024K, 28 young (28672K), 4 survivors (4096K)
 Metaspace       used 54518K, committed 54848K, reserved 1114112K
  class space    used 6456K, committed 6592K, reserved 1048576K
}
Event: 13.769 GC heap after
{Heap after GC invocations=16 (full 0):
 garbage-first heap   total 86016K, used 44032K [0x0000000083e00000, 0x0000000100000000)
  region size 1024K, 3 young (3072K), 3 survivors (3072K)
 Metaspace       used 54518K, committed 54848K, reserved 1114112K
  class space    used 6456K, committed 6592K, reserved 1048576K
}
Event: 15.786 GC heap before
{Heap before GC invocations=16 (full 0):
 garbage-first heap   total 86016K, used 66560K [0x0000000083e00000, 0x0000000100000000)
  region size 1024K, 25 young (25600K), 3 survivors (3072K)
 Metaspace       used 58204K, committed 58560K, reserved 1114112K
  class space    used 6832K, committed 6976K, reserved 1048576K
}
Event: 15.831 GC heap after
{Heap after GC invocations=17 (full 0):
 garbage-first heap   total 86016K, used 47690K [0x0000000083e00000, 0x0000000100000000)
  region size 1024K, 4 young (4096K), 4 survivors (4096K)
 Metaspace       used 58204K, committed 58560K, reserved 1114112K
  class space    used 6832K, committed 6976K, reserved 1048576K
}
Event: 16.834 GC heap before
{Heap before GC invocations=18 (full 0):
 garbage-first heap   total 86016K, used 68170K [0x0000000083e00000, 0x0000000100000000)
  region size 1024K, 24 young (24576K), 4 survivors (4096K)
 Metaspace       used 58497K, committed 58816K, reserved 1114112K
  class space    used 6846K, committed 6976K, reserved 1048576K
}
Event: 16.884 GC heap after
{Heap after GC invocations=19 (full 0):
 garbage-first heap   total 86016K, used 51059K [0x0000000083e00000, 0x0000000100000000)
  region size 1024K, 3 young (3072K), 3 survivors (3072K)
 Metaspace       used 58497K, committed 58816K, reserved 1114112K
  class space    used 6846K, committed 6976K, reserved 1048576K
}
Event: 16.973 GC heap before
{Heap before GC invocations=19 (full 0):
 garbage-first heap   total 86016K, used 52083K [0x0000000083e00000, 0x0000000100000000)
  region size 1024K, 4 young (4096K), 3 survivors (3072K)
 Metaspace       used 58632K, committed 59008K, reserved 1114112K
  class space    used 6861K, committed 7040K, reserved 1048576K
}
Event: 17.009 GC heap after
{Heap after GC invocations=20 (full 0):
 garbage-first heap   total 122880K, used 51532K [0x0000000083e00000, 0x0000000100000000)
  region size 1024K, 1 young (1024K), 1 survivors (1024K)
 Metaspace       used 58632K, committed 59008K, reserved 1114112K
  class space    used 6861K, committed 7040K, reserved 1048576K
}
Event: 19.651 GC heap before
{Heap before GC invocations=20 (full 0):
 garbage-first heap   total 122880K, used 93516K [0x0000000083e00000, 0x0000000100000000)
  region size 1024K, 42 young (43008K), 1 survivors (1024K)
 Metaspace       used 61674K, committed 61952K, reserved 1114112K
  class space    used 7188K, committed 7296K, reserved 1048576K
}
Event: 19.687 GC heap after
{Heap after GC invocations=21 (full 0):
 garbage-first heap   total 122880K, used 56647K [0x0000000083e00000, 0x0000000100000000)
  region size 1024K, 6 young (6144K), 6 survivors (6144K)
 Metaspace       used 61674K, committed 61952K, reserved 1114112K
  class space    used 7188K, committed 7296K, reserved 1048576K
}
Event: 23.172 GC heap before
{Heap before GC invocations=21 (full 0):
 garbage-first heap   total 122880K, used 93511K [0x0000000083e00000, 0x0000000100000000)
  region size 1024K, 42 young (43008K), 6 survivors (6144K)
 Metaspace       used 63978K, committed 64256K, reserved 1114112K
  class space    used 7306K, committed 7424K, reserved 1048576K
}
Event: 23.228 GC heap after
{Heap after GC invocations=22 (full 0):
 garbage-first heap   total 122880K, used 61633K [0x0000000083e00000, 0x0000000100000000)
  region size 1024K, 5 young (5120K), 5 survivors (5120K)
 Metaspace       used 63978K, committed 64256K, reserved 1114112K
  class space    used 7306K, committed 7424K, reserved 1048576K
}
Event: 24.598 GC heap before
{Heap before GC invocations=22 (full 0):
 garbage-first heap   total 122880K, used 91329K [0x0000000083e00000, 0x0000000100000000)
  region size 1024K, 35 young (35840K), 5 survivors (5120K)
 Metaspace       used 64581K, committed 64896K, reserved 1114112K
  class space    used 7339K, committed 7488K, reserved 1048576K
}
Event: 24.647 GC heap after
{Heap after GC invocations=23 (full 0):
 garbage-first heap   total 122880K, used 65382K [0x0000000083e00000, 0x0000000100000000)
  region size 1024K, 4 young (4096K), 4 survivors (4096K)
 Metaspace       used 64581K, committed 64896K, reserved 1114112K
  class space    used 7339K, committed 7488K, reserved 1048576K
}
Event: 27.803 GC heap before
{Heap before GC invocations=24 (full 0):
 garbage-first heap   total 122880K, used 99174K [0x0000000083e00000, 0x0000000100000000)
  region size 1024K, 35 young (35840K), 4 survivors (4096K)
 Metaspace       used 65098K, committed 65408K, reserved 1114112K
  class space    used 7340K, committed 7488K, reserved 1048576K
}
Event: 27.854 GC heap after
{Heap after GC invocations=25 (full 0):
 garbage-first heap   total 122880K, used 70199K [0x0000000083e00000, 0x0000000100000000)
  region size 1024K, 3 young (3072K), 3 survivors (3072K)
 Metaspace       used 65098K, committed 65408K, reserved 1114112K
  class space    used 7340K, committed 7488K, reserved 1048576K
}
Event: 28.087 GC heap before
{Heap before GC invocations=25 (full 0):
 garbage-first heap   total 122880K, used 73271K [0x0000000083e00000, 0x0000000100000000)
  region size 1024K, 6 young (6144K), 3 survivors (3072K)
 Metaspace       used 65122K, committed 65472K, reserved 1114112K
  class space    used 7340K, committed 7488K, reserved 1048576K
}
Event: 28.186 GC heap after
{Heap after GC invocations=26 (full 0):
 garbage-first heap   total 242688K, used 70165K [0x0000000083e00000, 0x0000000100000000)
  region size 1024K, 1 young (1024K), 1 survivors (1024K)
 Metaspace       used 65122K, committed 65472K, reserved 1114112K
  class space    used 7340K, committed 7488K, reserved 1048576K
}

Dll operation events (2 events):
Event: 0.023 Loaded shared library C:\Program Files\Android\Android Studio\jbr\bin\java.dll
Event: 2.918 Loaded shared library C:\Program Files\Android\Android Studio\jbr\bin\verify.dll

Deoptimization events (20 events):
Event: 33.719 Thread 0x000002cb4dbd8420 DEOPT PACKING pc=0x000002cb5a6ca58c sp=0x000000d096df9500
Event: 33.719 Thread 0x000002cb4dbd8420 DEOPT UNPACKING pc=0x000002cb59e269a3 sp=0x000000d096df9358 mode 2
Event: 33.771 Thread 0x000002cb4dbd8420 DEOPT PACKING pc=0x000002cb53a53cf6 sp=0x000000d096dfc170
Event: 33.771 Thread 0x000002cb4dbd8420 DEOPT UNPACKING pc=0x000002cb59e27143 sp=0x000000d096dfb690 mode 0
Event: 33.996 Thread 0x000002cb4dbd8420 DEOPT PACKING pc=0x000002cb53fbefe6 sp=0x000000d096df9240
Event: 33.996 Thread 0x000002cb4dbd8420 DEOPT UNPACKING pc=0x000002cb59e27143 sp=0x000000d096df8760 mode 0
Event: 34.223 Thread 0x000002cb4dbd8420 DEOPT PACKING pc=0x000002cb53fbefe6 sp=0x000000d096dfbcd0
Event: 34.223 Thread 0x000002cb4dbd8420 DEOPT UNPACKING pc=0x000002cb59e27143 sp=0x000000d096dfb1f0 mode 0
Event: 34.390 Thread 0x000002cb4dbd8420 DEOPT PACKING pc=0x000002cb535409ac sp=0x000000d096dfb390
Event: 34.390 Thread 0x000002cb4dbd8420 DEOPT UNPACKING pc=0x000002cb59e27143 sp=0x000000d096dfa8b0 mode 0
Event: 34.467 Thread 0x000002cb4dbd8420 DEOPT PACKING pc=0x000002cb53a53cf6 sp=0x000000d096df02e0
Event: 34.467 Thread 0x000002cb4dbd8420 DEOPT UNPACKING pc=0x000002cb59e27143 sp=0x000000d096def7e8 mode 0
Event: 34.573 Thread 0x000002cb4dbd8420 Uncommon trap: trap_request=0xfffffff4 fr.pc=0x000002cb5a5c2e28 relative=0x0000000000000728
Event: 34.573 Thread 0x000002cb4dbd8420 Uncommon trap: reason=null_check action=make_not_entrant pc=0x000002cb5a5c2e28 method=org.jetbrains.kotlin.psi.KtPsiFactoryKt.getDoNotAnalyze(Lorg/jetbrains/kotlin/psi/KtFile;)Ljava/lang/String; @ 21 c2
Event: 34.573 Thread 0x000002cb4dbd8420 DEOPT PACKING pc=0x000002cb5a5c2e28 sp=0x000000d096df2260
Event: 34.573 Thread 0x000002cb4dbd8420 DEOPT UNPACKING pc=0x000002cb59e269a3 sp=0x000000d096df2160 mode 2
Event: 36.161 Thread 0x000002cb4dbd8420 DEOPT PACKING pc=0x000002cb536d8afa sp=0x000000d096dfafd0
Event: 36.161 Thread 0x000002cb4dbd8420 DEOPT UNPACKING pc=0x000002cb59e27143 sp=0x000000d096dfa4b8 mode 0
Event: 36.258 Thread 0x000002cb4dbd8420 DEOPT PACKING pc=0x000002cb53a085cd sp=0x000000d096df6090
Event: 36.258 Thread 0x000002cb4dbd8420 DEOPT UNPACKING pc=0x000002cb59e27143 sp=0x000000d096df5520 mode 0

Classes unloaded (0 events):
No events

Classes redefined (0 events):
No events

Internal exceptions (20 events):
Event: 13.526 Thread 0x000002cb4dbd8420 Implicit null exception at 0x000002cb5a3c466f to 0x000002cb5a3c484c
Event: 14.475 Thread 0x000002cb4dbd8420 Exception <a 'java/lang/NoSuchMethodError'{0x0000000088af2c28}: 'java.lang.Object java.lang.invoke.DirectMethodHandle$Holder.invokeStatic(java.lang.Object, java.lang.Object, java.lang.Object, java.lang.Object, int)'> (0x0000000088af2c28) 
thrown [s\src\hotspot\share\interpreter\linkResolver.cpp, line 771]
Event: 14.476 Thread 0x000002cb4dbd8420 Exception <a 'java/lang/NoSuchMethodError'{0x0000000088afc668}: 'java.lang.Object java.lang.invoke.DirectMethodHandle$Holder.newInvokeSpecial(java.lang.Object, java.lang.Object, java.lang.Object, java.lang.Object, int)'> (0x0000000088afc668) 
thrown [s\src\hotspot\share\interpreter\linkResolver.cpp, line 771]
Event: 14.477 Thread 0x000002cb4dbd8420 Exception <a 'java/lang/NoSuchMethodError'{0x0000000088901958}: 'java.lang.Object java.lang.invoke.DirectMethodHandle$Holder.invokeSpecial(java.lang.Object, java.lang.Object, java.lang.Object, java.lang.Object, java.lang.Object, int)'> (0x0000000088901958) 
thrown [s\src\hotspot\share\interpreter\linkResolver.cpp, line 771]
Event: 14.478 Thread 0x000002cb4dbd8420 Exception <a 'java/lang/NoSuchMethodError'{0x0000000088905b90}: 'java.lang.Object java.lang.invoke.Invokers$Holder.linkToTargetMethod(java.lang.Object, java.lang.Object, java.lang.Object, int, java.lang.Object)'> (0x0000000088905b90) 
thrown [s\src\hotspot\share\interpreter\linkResolver.cpp, line 771]
Event: 15.192 Thread 0x000002cb4dbd8420 Exception <a 'java/lang/NoSuchMethodError'{0x00000000882af748}: 'java.lang.Object java.lang.invoke.DirectMethodHandle$Holder.invokeStaticInit(java.lang.Object, java.lang.Object, java.lang.Object)'> (0x00000000882af748) 
thrown [s\src\hotspot\share\interpreter\linkResolver.cpp, line 771]
Event: 16.952 Thread 0x000002cb4dbd8420 Exception <a 'java/lang/NoSuchMethodError'{0x000000008bb8df50}: 'java.lang.Object java.lang.invoke.DirectMethodHandle$Holder.newInvokeSpecial(java.lang.Object, int, java.lang.Object)'> (0x000000008bb8df50) 
thrown [s\src\hotspot\share\interpreter\linkResolver.cpp, line 771]
Event: 16.955 Thread 0x000002cb4dbd8420 Exception <a 'java/lang/NoSuchMethodError'{0x000000008bb948c8}: 'int java.lang.invoke.DirectMethodHandle$Holder.invokeInterface(java.lang.Object, java.lang.Object)'> (0x000000008bb948c8) 
thrown [s\src\hotspot\share\interpreter\linkResolver.cpp, line 771]
Event: 17.777 Thread 0x000002cb4dbd8420 Implicit null exception at 0x000002cb5a468ea0 to 0x000002cb5a469024
Event: 17.777 Thread 0x000002cb4dbd8420 Implicit null exception at 0x000002cb5a3ee0e0 to 0x000002cb5a3ee17a
Event: 17.852 Thread 0x000002cb4dbd8420 Implicit null exception at 0x000002cb5a3c070f to 0x000002cb5a3c0789
Event: 18.743 Thread 0x000002cb4dbd8420 Implicit null exception at 0x000002cb5a3898f2 to 0x000002cb5a389f0c
Event: 18.786 Thread 0x000002cb4dbd8420 Exception <a 'java/lang/NoSuchMethodError'{0x0000000089f784c8}: 'java.lang.Object java.lang.invoke.DirectMethodHandle$Holder.invokeInterface(java.lang.Object, java.lang.Object, java.lang.Object)'> (0x0000000089f784c8) 
thrown [s\src\hotspot\share\interpreter\linkResolver.cpp, line 771]
Event: 18.787 Thread 0x000002cb4dbd8420 Exception <a 'java/lang/IncompatibleClassChangeError'{0x0000000089f7be38}: Found class java.lang.Object, but interface was expected> (0x0000000089f7be38) 
thrown [s\src\hotspot\share\interpreter\linkResolver.cpp, line 838]
Event: 18.802 Thread 0x000002cb4dbd8420 Implicit null exception at 0x000002cb5a38ae72 to 0x000002cb5a38b48c
Event: 19.025 Thread 0x000002cb4dbd8420 Exception <a 'java/lang/NoSuchMethodError'{0x0000000089da7238}: 'int java.lang.invoke.DirectMethodHandle$Holder.invokeStaticInit(java.lang.Object, int)'> (0x0000000089da7238) 
thrown [s\src\hotspot\share\interpreter\linkResolver.cpp, line 771]
Event: 19.955 Thread 0x000002cb4dbd8420 Exception <a 'java/lang/NoSuchMethodError'{0x000000008b41fe90}: 'java.lang.Object java.lang.invoke.DirectMethodHandle$Holder.newInvokeSpecial(java.lang.Object, java.lang.Object, java.lang.Object, java.lang.Object, java.lang.Object, java.lang.Object, java.lang.Object)'> (0x000000008b41fe90) 
thrown [s\src\hotspot\share\interpreter\linkResolver.cpp, line 771]
Event: 19.956 Thread 0x000002cb4dbd8420 Exception <a 'java/lang/NoSuchMethodError'{0x000000008b4247a0}: 'java.lang.Object java.lang.invoke.Invokers$Holder.linkToTargetMethod(java.lang.Object, java.lang.Object, java.lang.Object, java.lang.Object, java.lang.Object, java.lang.Object, java.lang.Object)'> (0x000000008b4247a0) 
thrown [s\src\hotspot\share\interpreter\linkResolver.cpp, line 771]
Event: 29.496 Thread 0x000002cb4dbd8420 Exception <a 'java/lang/NoSuchMethodError'{0x0000000091842588}: 'java.lang.Object java.lang.invoke.DirectMethodHandle$Holder.invokeStatic(java.lang.Object, int, java.lang.Object)'> (0x0000000091842588) 
thrown [s\src\hotspot\share\interpreter\linkResolver.cpp, line 771]
Event: 31.677 Thread 0x000002cb4dbd8420 Implicit null exception at 0x000002cb5a6b0eac to 0x000002cb5a6b0f7c

VM Operations (20 events):
Event: 32.673 Executing VM operation: ICBufferFull
Event: 32.673 Executing VM operation: ICBufferFull done
Event: 32.674 Executing VM operation: HandshakeAllThreads
Event: 32.674 Executing VM operation: HandshakeAllThreads done
Event: 32.740 Executing VM operation: HandshakeAllThreads
Event: 32.740 Executing VM operation: HandshakeAllThreads done
Event: 33.247 Executing VM operation: ICBufferFull
Event: 33.248 Executing VM operation: ICBufferFull done
Event: 33.299 Executing VM operation: HandshakeAllThreads
Event: 33.299 Executing VM operation: HandshakeAllThreads done
Event: 33.884 Executing VM operation: ICBufferFull
Event: 33.884 Executing VM operation: ICBufferFull done
Event: 34.382 Executing VM operation: ICBufferFull
Event: 34.383 Executing VM operation: ICBufferFull done
Event: 35.027 Executing VM operation: ICBufferFull
Event: 35.027 Executing VM operation: ICBufferFull done
Event: 35.625 Executing VM operation: ICBufferFull
Event: 35.626 Executing VM operation: ICBufferFull done
Event: 36.430 Executing VM operation: ICBufferFull
Event: 36.430 Executing VM operation: ICBufferFull done

Events (20 events):
Event: 33.340 Thread 0x000002cb699b3ba0 flushing nmethod 0x000002cb53cdc290
Event: 33.340 Thread 0x000002cb699b3ba0 flushing nmethod 0x000002cb53ce7490
Event: 33.340 Thread 0x000002cb699b3ba0 flushing nmethod 0x000002cb53cea190
Event: 33.340 Thread 0x000002cb699b3ba0 flushing nmethod 0x000002cb53cedc10
Event: 33.340 Thread 0x000002cb699b3ba0 flushing nmethod 0x000002cb53cfaa10
Event: 33.340 Thread 0x000002cb699b3ba0 flushing nmethod 0x000002cb53d08d10
Event: 33.340 Thread 0x000002cb699b3ba0 flushing nmethod 0x000002cb53d09410
Event: 33.342 Thread 0x000002cb699b3ba0 flushing nmethod 0x000002cb53dc8810
Event: 33.342 Thread 0x000002cb699b3ba0 flushing nmethod 0x000002cb53dfef10
Event: 33.342 Thread 0x000002cb699b3ba0 flushing nmethod 0x000002cb53e65910
Event: 33.343 Thread 0x000002cb699b3ba0 flushing nmethod 0x000002cb53e7ac90
Event: 33.343 Thread 0x000002cb699b3ba0 flushing nmethod 0x000002cb53eb0110
Event: 33.343 Thread 0x000002cb699b3ba0 flushing nmethod 0x000002cb53eef990
Event: 33.344 Thread 0x000002cb699b3ba0 flushing nmethod 0x000002cb53f23f10
Event: 33.344 Thread 0x000002cb699b3ba0 flushing nmethod 0x000002cb53f54110
Event: 33.344 Thread 0x000002cb699b3ba0 flushing nmethod 0x000002cb53f55110
Event: 33.345 Thread 0x000002cb699b3ba0 flushing nmethod 0x000002cb53fd6d90
Event: 33.345 Thread 0x000002cb699b3ba0 flushing nmethod 0x000002cb53fdf310
Event: 33.346 Thread 0x000002cb699b3ba0 flushing nmethod 0x000002cb54054410
Event: 33.346 Thread 0x000002cb699b3ba0 flushing nmethod 0x000002cb540b1610


Dynamic libraries:
0x00007ff6f8110000 - 0x00007ff6f811a000 	C:\Program Files\Android\Android Studio\jbr\bin\java.exe
0x00007fffcaf50000 - 0x00007fffcb147000 	C:\Windows\SYSTEM32\ntdll.dll
0x00007fffc9d20000 - 0x00007fffc9ddd000 	C:\Windows\System32\KERNEL32.DLL
0x00007fffc8760000 - 0x00007fffc8a56000 	C:\Windows\System32\KERNELBASE.dll
0x00007fffc8660000 - 0x00007fffc8760000 	C:\Windows\System32\ucrtbase.dll
0x00007fffc0bd0000 - 0x00007fffc0be7000 	C:\Program Files\Android\Android Studio\jbr\bin\jli.dll
0x00007fffa6220000 - 0x00007fffa623b000 	C:\Program Files\Android\Android Studio\jbr\bin\VCRUNTIME140.dll
0x00007fffca890000 - 0x00007fffcaa2e000 	C:\Windows\System32\USER32.dll
0x00007fffc8c50000 - 0x00007fffc8c72000 	C:\Windows\System32\win32u.dll
0x00007fffb2290000 - 0x00007fffb252a000 	C:\Windows\WinSxS\amd64_microsoft.windows.common-controls_6595b64144ccf1df_6.0.19041.3570_none_60bb2a3971f3e41a\COMCTL32.dll
0x00007fffca7e0000 - 0x00007fffca87e000 	C:\Windows\System32\msvcrt.dll
0x00007fffc90e0000 - 0x00007fffc910c000 	C:\Windows\System32\GDI32.dll
0x00007fffc8c80000 - 0x00007fffc8d9a000 	C:\Windows\System32\gdi32full.dll
0x00007fffc8ad0000 - 0x00007fffc8b6d000 	C:\Windows\System32\msvcp_win.dll
0x00007fffcacb0000 - 0x00007fffcace0000 	C:\Windows\System32\IMM32.DLL
0x00007fffb4b10000 - 0x00007fffb4b1c000 	C:\Program Files\Android\Android Studio\jbr\bin\vcruntime140_1.dll
0x00007fff891c0000 - 0x00007fff8924d000 	C:\Program Files\Android\Android Studio\jbr\bin\msvcp140.dll
0x00007fff85180000 - 0x00007fff85e03000 	C:\Program Files\Android\Android Studio\jbr\bin\server\jvm.dll
0x00007fffc9ac0000 - 0x00007fffc9b6e000 	C:\Windows\System32\ADVAPI32.dll
0x00007fffcaa30000 - 0x00007fffcaacc000 	C:\Windows\System32\sechost.dll
0x00007fffc8fb0000 - 0x00007fffc90d6000 	C:\Windows\System32\RPCRT4.dll
0x00007fffc19e0000 - 0x00007fffc19e9000 	C:\Windows\SYSTEM32\WSOCK32.dll
0x00007fffc6930000 - 0x00007fffc693a000 	C:\Windows\SYSTEM32\VERSION.dll
0x00007fffcaea0000 - 0x00007fffcaf0b000 	C:\Windows\System32\WS2_32.dll
0x00007fffc81b0000 - 0x00007fffc81fb000 	C:\Windows\SYSTEM32\POWRPROF.dll
0x00007fffb3ab0000 - 0x00007fffb3ad7000 	C:\Windows\SYSTEM32\WINMM.dll
0x00007fffc8190000 - 0x00007fffc81a2000 	C:\Windows\SYSTEM32\UMPDC.dll
0x00007fffc6e60000 - 0x00007fffc6e72000 	C:\Windows\SYSTEM32\kernel.appcore.dll
0x00007fffc1810000 - 0x00007fffc181a000 	C:\Program Files\Android\Android Studio\jbr\bin\jimage.dll
0x00007fffc5f50000 - 0x00007fffc6134000 	C:\Windows\SYSTEM32\DBGHELP.DLL
0x00007fffbbc50000 - 0x00007fffbbc84000 	C:\Windows\SYSTEM32\dbgcore.DLL
0x00007fffc8b70000 - 0x00007fffc8bf2000 	C:\Windows\System32\bcryptPrimitives.dll
0x00007fffc0bf0000 - 0x00007fffc0c15000 	C:\Program Files\Android\Android Studio\jbr\bin\java.dll
0x00007fffc17c0000 - 0x00007fffc17d8000 	C:\Program Files\Android\Android Studio\jbr\bin\zip.dll
0x00007fffc9110000 - 0x00007fffc9854000 	C:\Windows\System32\SHELL32.dll
0x00007fffc6140000 - 0x00007fffc68db000 	C:\Windows\SYSTEM32\windows.storage.dll
0x00007fffca400000 - 0x00007fffca754000 	C:\Windows\System32\combase.dll
0x00007fffc8000000 - 0x00007fffc802d000 	C:\Windows\SYSTEM32\Wldp.dll
0x00007fffcab30000 - 0x00007fffcabdd000 	C:\Windows\System32\SHCORE.dll
0x00007fffcabf0000 - 0x00007fffcac45000 	C:\Windows\System32\shlwapi.dll
0x00007fffc8560000 - 0x00007fffc8585000 	C:\Windows\SYSTEM32\profapi.dll
0x00007fffc16f0000 - 0x00007fffc1709000 	C:\Program Files\Android\Android Studio\jbr\bin\net.dll
0x00007fffbfad0000 - 0x00007fffbfbda000 	C:\Windows\SYSTEM32\WINHTTP.dll
0x00007fffc7d00000 - 0x00007fffc7d6a000 	C:\Windows\system32\mswsock.dll
0x00007fffc11c0000 - 0x00007fffc11d6000 	C:\Program Files\Android\Android Studio\jbr\bin\nio.dll
0x00007fffc1750000 - 0x00007fffc1760000 	C:\Program Files\Android\Android Studio\jbr\bin\verify.dll

dbghelp: loaded successfully - version: 4.0.5 - missing functions: none
symbol engine: initialized successfully - sym options: 0x614 - pdb path: .;C:\Program Files\Android\Android Studio\jbr\bin;C:\Windows\SYSTEM32;C:\Windows\WinSxS\amd64_microsoft.windows.common-controls_6595b64144ccf1df_6.0.19041.3570_none_60bb2a3971f3e41a;C:\Program Files\Android\Android Studio\jbr\bin\server

VM Arguments:
java_command: org.jetbrains.kotlin.cli.jvm.K2JVMCompiler @C:\Users\PC-008\Documents\Crud2new\Crud2new\app\build\20240605_15310801044983493194.compiler.options
java_class_path (initial): C:\Users\PC-008\.gradle\caches\modules-2\files-2.1\org.jetbrains.kotlin\kotlin-compiler-embeddable\1.8.10\b0757fd774344d54ce93f5ad6c30ba1c1731c8ff\kotlin-compiler-embeddable-1.8.10.jar;C:\Users\PC-008\.gradle\caches\modules-2\files-2.1\org.jetbrains.kotlin\kotlin-stdlib\1.8.10\6d5560a229477df9406943d5feda5618e98eb64c\kotlin-stdlib-1.8.10.jar;C:\Users\PC-008\.gradle\caches\modules-2\files-2.1\org.jetbrains.kotlin\kotlin-script-runtime\1.8.10\b13ea9c7e46d589139e56086a878763290e20bd5\kotlin-script-runtime-1.8.10.jar;C:\Users\PC-008\.gradle\caches\modules-2\files-2.1\org.jetbrains.kotlin\kotlin-reflect\1.6.10\1cbe9c92c12a94eea200d23c2bbaedaf3daf5132\kotlin-reflect-1.6.10.jar;C:\Users\PC-008\.gradle\caches\modules-2\files-2.1\org.jetbrains.kotlin\kotlin-daemon-embeddable\1.8.10\ad8541d9bc1cf9e52c3204161247910c2cf601d4\kotlin-daemon-embeddable-1.8.10.jar;C:\Users\PC-008\.gradle\caches\modules-2\files-2.1\org.jetbrains.intellij.deps\trove4j\1.0.20200330\3afb14d5f9ceb459d724e907a21145e8ff394f02\trove4j-1.0.20200330.jar;C:\Users\PC-008\.gradle\caches\modules-2\files-2.1\net.java.dev.jna\jna\5.6.0\330f2244e9030119ab3030fc3fededc86713d9cc\jna-5.6.0.jar;C:\Users\PC-008\.gradle\caches\modules-2\files-2.1\org.jetbrains.kotlin\kotlin-stdlib-common\1.8.10\a61b182458550492c12aee66157d7b524a63a5ec\kotlin-stdlib-common-1.8.10.jar;C:\Users\PC-008\.gradle\caches\modules-2\files-2.1\org.jetbrains\annotations\13.0\919f0dfe192fb4e063e7dacadee7f8bb9a2672a9\annotations-13.0.jar
Launcher Type: SUN_STANDARD

[Global flags]
     intx CICompilerCount                          = 4                                         {product} {ergonomic}
     uint ConcGCThreads                            = 2                                         {product} {ergonomic}
     uint G1ConcRefinementThreads                  = 8                                         {product} {ergonomic}
   size_t G1HeapRegionSize                         = 1048576                                   {product} {ergonomic}
    uintx GCDrainStackTargetSize                   = 64                                        {product} {ergonomic}
   size_t InitialHeapSize                          = 132120576                                 {product} {ergonomic}
   size_t MarkStackSize                            = 4194304                                   {product} {ergonomic}
   size_t MaxHeapSize                              = 2082471936                                {product} {ergonomic}
   size_t MaxNewSize                               = 1248854016                                {product} {ergonomic}
   size_t MinHeapDeltaBytes                        = 1048576                                   {product} {ergonomic}
   size_t MinHeapSize                              = 8388608                                   {product} {ergonomic}
    uintx NonNMethodCodeHeapSize                   = 5839372                                {pd product} {ergonomic}
    uintx NonProfiledCodeHeapSize                  = 122909434                              {pd product} {ergonomic}
    uintx ProfiledCodeHeapSize                     = 122909434                              {pd product} {ergonomic}
    uintx ReservedCodeCacheSize                    = 251658240                              {pd product} {ergonomic}
     bool SegmentedCodeCache                       = true                                      {product} {ergonomic}
   size_t SoftMaxHeapSize                          = 2082471936                             {manageable} {ergonomic}
     bool UseCompressedClassPointers               = true                           {product lp64_product} {ergonomic}
     bool UseCompressedOops                        = true                           {product lp64_product} {ergonomic}
     bool UseG1GC                                  = true                                      {product} {ergonomic}
     bool UseLargePagesIndividualAllocation        = false                                  {pd product} {ergonomic}

Logging:
Log output configuration:
 #0: stdout all=warning uptime,level,tags
 #1: stderr all=off uptime,level,tags

Environment Variables:
PATH=C:\Windows\system32;C:\Windows;C:\Windows\System32\Wbem;C:\Windows\System32\WindowsPowerShell\v1.0\;C:\Windows\System32\OpenSSH\;C:\Program Files\nodejs\;C:\Users\PC-008\AppData\Local\Microsoft\WindowsApps;C:\Users\PC-008\AppData\Roaming\npm;C:\Users\PC-008\AppData\Local\Programs\Microsoft VS Code\bin
USERNAME=PC-008
OS=Windows_NT
PROCESSOR_IDENTIFIER=Intel64 Family 6 Model 142 Stepping 12, GenuineIntel
TMP=C:\Users\PC-008\AppData\Local\Temp
TEMP=C:\Users\PC-008\AppData\Local\Temp



Periodic native trim disabled

JNI global refs:
JNI global refs: 10, weak refs: 8

JNI global refs memory usage: 843, weak refs: 841

OOME stack traces (most recent first):
Classloader memory used:
Loader jdk.internal.loader.ClassLoaders$AppClassLoader                                 : 6524K
Loader bootstrap                                                                       : 1642K
Loader java.net.URLClassLoader                                                         : 61350B
Loader jdk.internal.loader.ClassLoaders$PlatformClassLoader                            : 34451B
Loader jdk.internal.reflect.DelegatingClassLoader                                      : 23103B


---------------  S Y S T E M  ---------------

OS:
 Windows 10 , 64 bit Build 19041 (10.0.19041.3570)
OS uptime: 3 days 6:12 hours

CPU: total 8 (initial active 8) (4 cores per cpu, 2 threads per core) family 6 model 142 stepping 12 microcode 0xde, cx8, cmov, fxsr, ht, mmx, 3dnowpref, sse, sse2, sse3, ssse3, sse4.1, sse4.2, popcnt, lzcnt, tsc, tscinvbit, avx, avx2, aes, erms, clmul, bmi1, bmi2, adx, fma, vzeroupper, clflush, clflushopt
Processor Information for all 8 processors :
  Max Mhz: 2112, Current Mhz: 1609, Mhz Limit: 1605

Memory: 4k page, system-wide physical 7942M (105M free)
TotalPageFile size 32518M (AvailPageFile size 5M)
current process WorkingSet (physical memory assigned to process): 229M, peak: 288M
current process commit charge ("private bytes"): 450M, peak: 453M

vm_info: OpenJDK 64-Bit Server VM (17.0.10+0--11572160) for windows-amd64 JRE (17.0.10+0--11572160), built on Mar 13 2024 23:56:38 by "androidbuild" with MS VC++ 16.10 / 16.11 (VS2019)

END.
